INFO  07:46:39 Application started. Press Ctrl+C to shut down.
INFO  07:46:39 Application started. Press Ctrl+C to shut down.
INFO  07:46:39 Hosting environment: Development
INFO  07:46:39 Hosting environment: Development
INFO  07:46:39 Content root path: D:\MyAspDotNetProjects\Shirt Shop\Cart-MS
INFO  07:46:39 Content root path: D:\MyAspDotNetProjects\Shirt Shop\Cart-MS
INFO  07:46:59 Get Cart!
INFO  07:50:56 Get Cart!
INFO  07:51:01 Get Cart!
INFO  08:55:05 Application started. Press Ctrl+C to shut down.
INFO  08:55:05 Application started. Press Ctrl+C to shut down.
INFO  08:55:05 Hosting environment: Development
INFO  08:55:05 Hosting environment: Development
INFO  08:55:05 Content root path: D:\MyAspDotNetProjects\Shirt Shop\Cart-MS
INFO  08:55:05 Content root path: D:\MyAspDotNetProjects\Shirt Shop\Cart-MS
INFO  08:56:01 Get Cart Success
INFO  11:52:56 Application started. Press Ctrl+C to shut down.
INFO  11:52:56 Application started. Press Ctrl+C to shut down.
INFO  11:52:56 Hosting environment: Development
INFO  11:52:56 Hosting environment: Development
INFO  11:52:56 Content root path: D:\MyAspDotNetProjects\Shirt Shop\Cart-MS
INFO  11:52:56 Content root path: D:\MyAspDotNetProjects\Shirt Shop\Cart-MS
INFO  11:53:11 Get Cart Success
INFO  11:53:37 Get Cart Success
INFO  11:55:35 Get Cart Success
INFO  11:56:30 Get Cart With Id Success
INFO  12:06:51 Application started. Press Ctrl+C to shut down.
INFO  12:06:51 Application started. Press Ctrl+C to shut down.
INFO  12:06:51 Hosting environment: Development
INFO  12:06:51 Hosting environment: Development
INFO  12:06:51 Content root path: D:\MyAspDotNetProjects\Shirt Shop\Cart-MS
INFO  12:06:51 Content root path: D:\MyAspDotNetProjects\Shirt Shop\Cart-MS
INFO  12:07:03 Get Cart Success
INFO  12:07:09 Get Cart With Id Success
INFO  01:37:51 Application started. Press Ctrl+C to shut down.
INFO  01:37:51 Application started. Press Ctrl+C to shut down.
INFO  01:37:51 Hosting environment: Development
INFO  01:37:51 Hosting environment: Development
INFO  01:37:51 Content root path: D:\MyAspDotNetProjects\Shirt Shop\Cart-MS
INFO  01:37:51 Content root path: D:\MyAspDotNetProjects\Shirt Shop\Cart-MS
INFO  01:38:34 Get Cart Success
INFO  01:38:45 Get Cart Success
INFO  07:09:33 Application started. Press Ctrl+C to shut down.
INFO  07:09:33 Application started. Press Ctrl+C to shut down.
INFO  07:09:33 Hosting environment: Development
INFO  07:09:33 Hosting environment: Development
INFO  07:09:33 Content root path: D:\MyAspDotNetProjects\Shirt Shop\Cart-MS
INFO  07:09:33 Content root path: D:\MyAspDotNetProjects\Shirt Shop\Cart-MS
INFO  07:10:28 Get Cart Success
INFO  07:10:33 Get Cart Success
INFO  07:10:34 Get Cart Success
INFO  07:10:44 Get Cart Success
INFO  07:12:38 Get Cart Success
INFO  07:12:51 Get Cart Success
INFO  07:13:01 Get Cart Success
INFO  07:13:11 Get Cart Success
INFO  08:34:20 Application started. Press Ctrl+C to shut down.
INFO  08:34:20 Application started. Press Ctrl+C to shut down.
INFO  08:34:20 Hosting environment: Development
INFO  08:34:20 Hosting environment: Development
INFO  08:34:20 Content root path: D:\MyAspDotNetProjects\Shirt Shop\Cart-MS
INFO  08:34:20 Content root path: D:\MyAspDotNetProjects\Shirt Shop\Cart-MS
INFO  08:34:58 Get Cart Success
INFO  08:35:10 Get Cart Success
INFO  08:37:02 Application started. Press Ctrl+C to shut down.
INFO  08:37:02 Application started. Press Ctrl+C to shut down.
INFO  08:37:02 Hosting environment: Development
INFO  08:37:02 Hosting environment: Development
INFO  08:37:02 Content root path: D:\MyAspDotNetProjects\Shirt Shop\Cart-MS
INFO  08:37:02 Content root path: D:\MyAspDotNetProjects\Shirt Shop\Cart-MS
INFO  08:38:24 Get Cart Success
INFO  08:54:22 Application started. Press Ctrl+C to shut down.
INFO  08:54:22 Application started. Press Ctrl+C to shut down.
INFO  08:54:22 Hosting environment: Development
INFO  08:54:22 Hosting environment: Development
INFO  08:54:22 Content root path: D:\MyAspDotNetProjects\Shirt Shop\Cart-MS
INFO  08:54:22 Content root path: D:\MyAspDotNetProjects\Shirt Shop\Cart-MS
INFO  08:55:04 Get Cart Success
INFO  08:55:13 Get Cart Success
INFO  08:55:27 Get Cart Success
INFO  11:33:52 Application started. Press Ctrl+C to shut down.
INFO  11:33:52 Application started. Press Ctrl+C to shut down.
INFO  11:33:52 Hosting environment: Development
INFO  11:33:52 Hosting environment: Development
INFO  11:33:52 Content root path: D:\MyAspDotNetProjects\Shirt Shop\Cart-MS
INFO  11:33:52 Content root path: D:\MyAspDotNetProjects\Shirt Shop\Cart-MS
INFO  11:34:29 Application started. Press Ctrl+C to shut down.
INFO  11:34:29 Application started. Press Ctrl+C to shut down.
INFO  11:34:29 Hosting environment: Development
INFO  11:34:29 Hosting environment: Development
INFO  11:34:29 Content root path: D:\MyAspDotNetProjects\Shirt Shop\Cart-MS
INFO  11:34:29 Content root path: D:\MyAspDotNetProjects\Shirt Shop\Cart-MS
INFO  11:34:54 Application started. Press Ctrl+C to shut down.
INFO  11:34:54 Application started. Press Ctrl+C to shut down.
INFO  11:34:54 Hosting environment: Development
INFO  11:34:54 Hosting environment: Development
INFO  11:34:54 Content root path: D:\MyAspDotNetProjects\Shirt Shop\Cart-MS
INFO  11:34:54 Content root path: D:\MyAspDotNetProjects\Shirt Shop\Cart-MS
INFO  11:35:04 Application is shutting down...
INFO  11:35:04 Application is shutting down...
INFO  11:35:45 Application started. Press Ctrl+C to shut down.
INFO  11:35:45 Application started. Press Ctrl+C to shut down.
INFO  11:35:45 Hosting environment: Development
INFO  11:35:45 Hosting environment: Development
INFO  11:35:45 Content root path: D:\MyAspDotNetProjects\Shirt Shop\Cart-MS
INFO  11:35:45 Content root path: D:\MyAspDotNetProjects\Shirt Shop\Cart-MS
INFO  11:39:08 Application started. Press Ctrl+C to shut down.
INFO  11:39:08 Application started. Press Ctrl+C to shut down.
INFO  11:39:08 Hosting environment: Development
INFO  11:39:08 Hosting environment: Development
INFO  11:39:08 Content root path: D:\MyAspDotNetProjects\Shirt Shop\Cart-MS
INFO  11:39:08 Content root path: D:\MyAspDotNetProjects\Shirt Shop\Cart-MS
INFO  11:41:57 Application started. Press Ctrl+C to shut down.
INFO  11:41:57 Application started. Press Ctrl+C to shut down.
INFO  11:41:57 Hosting environment: Development
INFO  11:41:57 Hosting environment: Development
INFO  11:41:57 Content root path: D:\MyAspDotNetProjects\Shirt Shop\Cart-MS
INFO  11:41:57 Content root path: D:\MyAspDotNetProjects\Shirt Shop\Cart-MS
INFO  11:45:23 Application started. Press Ctrl+C to shut down.
INFO  11:45:23 Application started. Press Ctrl+C to shut down.
INFO  11:45:23 Hosting environment: Development
INFO  11:45:23 Hosting environment: Development
INFO  11:45:23 Content root path: D:\MyAspDotNetProjects\Shirt Shop\Cart-MS
INFO  11:45:23 Content root path: D:\MyAspDotNetProjects\Shirt Shop\Cart-MS
INFO  11:50:43 Application started. Press Ctrl+C to shut down.
INFO  11:50:43 Application is shutting down...
INFO  11:50:43 Application is shutting down...
INFO  11:50:43 Application started. Press Ctrl+C to shut down.
INFO  11:50:43 Hosting environment: Development
INFO  11:50:43 Hosting environment: Development
INFO  11:50:43 Content root path: D:\MyAspDotNetProjects\Shirt Shop\Cart-MS
INFO  11:50:43 Content root path: D:\MyAspDotNetProjects\Shirt Shop\Cart-MS
INFO  11:51:52 Application started. Press Ctrl+C to shut down.
INFO  11:51:52 Application started. Press Ctrl+C to shut down.
INFO  11:51:52 Hosting environment: Development
INFO  11:51:52 Hosting environment: Development
INFO  11:51:52 Content root path: D:\MyAspDotNetProjects\Shirt Shop\Cart-MS
INFO  11:51:52 Content root path: D:\MyAspDotNetProjects\Shirt Shop\Cart-MS
INFO  11:53:09 Application started. Press Ctrl+C to shut down.
INFO  11:53:09 Application started. Press Ctrl+C to shut down.
INFO  11:53:09 Hosting environment: Development
INFO  11:53:09 Hosting environment: Development
INFO  11:53:09 Content root path: D:\MyAspDotNetProjects\Shirt Shop\Cart-MS
INFO  11:53:09 Content root path: D:\MyAspDotNetProjects\Shirt Shop\Cart-MS
INFO  12:08:48 Application started. Press Ctrl+C to shut down.
INFO  12:08:48 Application started. Press Ctrl+C to shut down.
INFO  12:08:48 Hosting environment: Development
INFO  12:08:48 Hosting environment: Development
INFO  12:08:48 Content root path: D:\MyAspDotNetProjects\Shirt Shop\Cart-MS
INFO  12:08:48 Content root path: D:\MyAspDotNetProjects\Shirt Shop\Cart-MS
INFO  12:09:58 Application started. Press Ctrl+C to shut down.
INFO  12:09:58 Application started. Press Ctrl+C to shut down.
INFO  12:09:58 Hosting environment: Development
INFO  12:09:58 Hosting environment: Development
INFO  12:09:58 Content root path: D:\MyAspDotNetProjects\Shirt Shop\Cart-MS
INFO  12:09:58 Content root path: D:\MyAspDotNetProjects\Shirt Shop\Cart-MS
INFO  12:10:32 Get Cart Success
INFO  12:10:41 Get Cart Success
INFO  12:10:52 Get Cart Success
INFO  12:12:33 Application started. Press Ctrl+C to shut down.
INFO  12:12:33 Application started. Press Ctrl+C to shut down.
INFO  12:12:33 Hosting environment: Development
INFO  12:12:33 Hosting environment: Development
INFO  12:12:33 Content root path: D:\MyAspDotNetProjects\Shirt Shop\Cart-MS
INFO  12:12:33 Content root path: D:\MyAspDotNetProjects\Shirt Shop\Cart-MS
INFO  12:13:06 Application started. Press Ctrl+C to shut down.
INFO  12:13:06 Application started. Press Ctrl+C to shut down.
INFO  12:13:06 Hosting environment: Development
INFO  12:13:06 Hosting environment: Development
INFO  12:13:06 Content root path: D:\MyAspDotNetProjects\Shirt Shop\Cart-MS
INFO  12:13:06 Content root path: D:\MyAspDotNetProjects\Shirt Shop\Cart-MS
INFO  12:13:45 Application started. Press Ctrl+C to shut down.
INFO  12:13:45 Application started. Press Ctrl+C to shut down.
INFO  12:13:45 Hosting environment: Development
INFO  12:13:45 Hosting environment: Development
INFO  12:13:45 Content root path: D:\MyAspDotNetProjects\Shirt Shop\Cart-MS
INFO  12:13:45 Content root path: D:\MyAspDotNetProjects\Shirt Shop\Cart-MS
INFO  12:14:08 Get Cart Success
INFO  12:17:39 Application started. Press Ctrl+C to shut down.
INFO  12:17:39 Application started. Press Ctrl+C to shut down.
INFO  12:17:39 Hosting environment: Development
INFO  12:17:39 Hosting environment: Development
INFO  12:17:39 Content root path: D:\MyAspDotNetProjects\Shirt Shop\Cart-MS
INFO  12:17:39 Content root path: D:\MyAspDotNetProjects\Shirt Shop\Cart-MS
INFO  12:21:32 Application started. Press Ctrl+C to shut down.
INFO  12:21:32 Application started. Press Ctrl+C to shut down.
INFO  12:21:32 Hosting environment: Development
INFO  12:21:32 Hosting environment: Development
INFO  12:21:32 Content root path: D:\MyAspDotNetProjects\Shirt Shop\Cart-MS
INFO  12:21:32 Content root path: D:\MyAspDotNetProjects\Shirt Shop\Cart-MS
INFO  12:24:23 Application started. Press Ctrl+C to shut down.
INFO  12:24:23 Application started. Press Ctrl+C to shut down.
INFO  12:24:23 Hosting environment: Development
INFO  12:24:23 Hosting environment: Development
INFO  12:24:23 Content root path: D:\MyAspDotNetProjects\Shirt Shop\Cart-MS
INFO  12:24:23 Content root path: D:\MyAspDotNetProjects\Shirt Shop\Cart-MS
INFO  12:25:47 Get Cart Success
